0 verbose cli C:\Program Files\nodejs\node.exe C:\Program Files\nodejs\node_modules\npm\bin\npm-cli.js
1 info using npm@10.2.4
2 info using node@v21.4.0
3 timing npm:load:whichnode Completed in 3ms
4 timing config:load:defaults Completed in 2ms
5 timing config:load:file:C:\Program Files\nodejs\node_modules\npm\npmrc Completed in 4ms
6 timing config:load:builtin Completed in 4ms
7 timing config:load:cli Completed in 2ms
8 timing config:load:env Completed in 1ms
9 timing config:load:file:C:\Users\acer\Desktop\others-naic-app\structuring-data\.npmrc Completed in 0ms
10 timing config:load:project Completed in 3ms
11 timing config:load:file:C:\Users\acer\.npmrc Completed in 0ms
12 timing config:load:user Completed in 0ms
13 timing config:load:file:C:\Users\acer\AppData\Roaming\npm\etc\npmrc Completed in 1ms
14 timing config:load:global Completed in 1ms
15 timing config:load:setEnvs Completed in 0ms
16 timing config:load Completed in 13ms
17 timing npm:load:configload Completed in 13ms
18 timing config:load:flatten Completed in 2ms
19 timing npm:load:mkdirpcache Completed in 1ms
20 timing npm:load:mkdirplogs Completed in 1ms
21 verbose title npm exec playwright-cli open http://127.0.0.1:8114/records --headed
22 verbose argv "exec" "--yes" "--package" "@playwright/cli" "--" "playwright-cli" "open" "http://127.0.0.1:8114/records" "--headed"
23 timing npm:load:setTitle Completed in 1ms
24 timing npm:load:display Completed in 1ms
25 verbose logfile logs-max:10 dir:C:\Users\acer\Desktop\others-naic-app\structuring-data\.npm-cache\_logs\2026-04-04T22_11_28_743Z-
26 verbose logfile C:\Users\acer\Desktop\others-naic-app\structuring-data\.npm-cache\_logs\2026-04-04T22_11_28_743Z-debug-0.log
27 timing npm:load:logFile Completed in 10ms
28 timing npm:load:timers Completed in 0ms
29 timing npm:load:configScope Completed in 0ms
30 timing npm:load Completed in 62ms
31 timing arborist:ctor Completed in 0ms
32 silly logfile done cleaning log files
33 http fetch GET 200 https://registry.npmjs.org/npm 869ms (cache miss)
34 http fetch GET 200 https://registry.npmjs.org/@playwright%2fcli 1632ms (cache miss)
35 timing arborist:ctor Completed in 0ms
36 timing arborist:ctor Completed in 0ms
37 timing idealTree:init Completed in 5ms
38 timing idealTree:userRequests Completed in 1ms
39 silly idealTree buildDeps
40 silly fetch manifest @playwright/cli@0.1.5
41 http fetch GET 200 https://registry.npmjs.org/@playwright%2fcli 10ms (cache hit)
42 silly placeDep ROOT @playwright/cli@0.1.5 OK for:  want: 0.1.5
43 silly fetch manifest minimist@^1.2.5
44 silly fetch manifest playwright@1.60.0-alpha-1775237291000
45 http fetch GET 200 https://registry.npmjs.org/minimist 289ms (cache miss)
46 http fetch GET 200 https://registry.npmjs.org/playwright 1399ms (cache miss)
47 timing idealTree:#root Completed in 1540ms
48 silly placeDep ROOT minimist@1.2.8 OK for: @playwright/cli@0.1.5 want: ^1.2.5
49 silly placeDep ROOT playwright@1.60.0-alpha-1775237291000 OK for: @playwright/cli@0.1.5 want: 1.60.0-alpha-1775237291000
50 silly fetch manifest playwright-core@1.60.0-alpha-1775237291000
51 silly fetch manifest fsevents@2.3.2
52 http fetch GET 200 https://registry.npmjs.org/fsevents 313ms (cache miss)
53 http fetch GET 200 https://registry.npmjs.org/playwright-core 1969ms (cache miss)
54 timing idealTree:node_modules/@playwright/cli Completed in 2114ms
55 timing idealTree:node_modules/minimist Completed in 0ms
56 silly placeDep ROOT fsevents@2.3.2 OK for: playwright@1.60.0-alpha-1775237291000 want: 2.3.2
57 silly placeDep ROOT playwright-core@1.60.0-alpha-1775237291000 OK for: playwright@1.60.0-alpha-1775237291000 want: 1.60.0-alpha-1775237291000
58 timing idealTree:node_modules/playwright Completed in 10ms
59 timing idealTree:node_modules/fsevents Completed in 0ms
60 timing idealTree:node_modules/playwright-core Completed in 0ms
61 timing idealTree:buildDeps Completed in 3669ms
62 timing idealTree:fixDepFlags Completed in 3ms
63 timing idealTree Completed in 3683ms
64 timing reify:loadTrees Completed in 3685ms
65 timing reify:diffTrees Completed in 3ms
66 silly reify moves {}
67 timing reify:retireShallow Completed in 7ms
68 timing reify:createSparse Completed in 13ms
69 timing reify:loadBundles Completed in 0ms
70 silly audit bulk request {
70 silly audit   '@playwright/cli': [ '0.1.5' ],
70 silly audit   minimist: [ '1.2.8' ],
70 silly audit   playwright: [ '1.60.0-alpha-1775237291000' ],
70 silly audit   fsevents: [ '2.3.2' ],
70 silly audit   'playwright-core': [ '1.60.0-alpha-1775237291000' ]
70 silly audit }
71 verbose reify failed optional dependency C:\Users\acer\Desktop\others-naic-app\structuring-data\.npm-cache\_npx\31e32ef8478fbf80\node_modules\fsevents
72 silly reify mark deleted [
72 silly reify   'C:\\Users\\acer\\Desktop\\others-naic-app\\structuring-data\\.npm-cache\\_npx\\31e32ef8478fbf80\\node_modules\\fsevents'
72 silly reify ]
73 timing reifyNode:node_modules/fsevents Completed in 42ms
74 silly tarball no local data for @playwright/cli@https://registry.npmjs.org/@playwright/cli/-/cli-0.1.5.tgz. Extracting by manifest.
75 silly tarball no local data for playwright-core@https://registry.npmjs.org/playwright-core/-/playwright-core-1.60.0-alpha-1775237291000.tgz. Extracting by manifest.
76 silly tarball no local data for minimist@https://registry.npmjs.org/minimist/-/minimist-1.2.8.tgz. Extracting by manifest.
77 silly tarball no local data for playwright@https://registry.npmjs.org/playwright/-/playwright-1.60.0-alpha-1775237291000.tgz. Extracting by manifest.
78 http fetch POST 200 https://registry.npmjs.org/-/npm/v1/security/advisories/bulk 291ms
79 timing auditReport:getReport Completed in 304ms
80 silly audit report {}
81 timing auditReport:init Completed in 0ms
82 timing reify:audit Completed in 307ms
83 http fetch GET 200 https://registry.npmjs.org/minimist/-/minimist-1.2.8.tgz 763ms (cache miss)
84 timing reifyNode:node_modules/minimist Completed in 838ms
85 http fetch GET 200 https://registry.npmjs.org/@playwright/cli/-/cli-0.1.5.tgz 996ms (cache miss)
86 timing reifyNode:node_modules/@playwright/cli Completed in 1047ms
87 http fetch GET 200 https://registry.npmjs.org/playwright/-/playwright-1.60.0-alpha-1775237291000.tgz 2059ms (cache miss)
88 timing reifyNode:node_modules/playwright Completed in 2148ms
89 http fetch GET 200 https://registry.npmjs.org/playwright-core/-/playwright-core-1.60.0-alpha-1775237291000.tgz 2623ms (cache miss)
90 timing reifyNode:node_modules/playwright-core Completed in 2682ms
91 timing reify:unpack Completed in 2683ms
92 timing reify:unretire Completed in 0ms
93 timing build:queue Completed in 1ms
94 timing build:link:node_modules/playwright Completed in 12ms
95 timing build:link:node_modules/playwright-core Completed in 11ms
96 timing build:link:node_modules/@playwright/cli Completed in 13ms
97 timing build:link Completed in 13ms
98 timing build:deps Completed in 14ms
99 timing build Completed in 16ms
100 timing reify:build Completed in 16ms
101 timing reify:trash Completed in 1ms
102 timing reify:save Completed in 12ms
103 timing reify Completed in 6450ms
104 timing command:exec Completed in 8507ms
105 notice
105 notice New major version of npm available! 10.2.4 -> 11.12.1
105 notice Changelog: <https://github.com/npm/cli/releases/tag/v11.12.1>
105 notice Run `npm install -g npm@11.12.1` to update!
105 notice
106 verbose exit 1
107 timing npm Completed in 8999ms
108 verbose code 1
